<?xml version="1.0" encoding="UTF-8"?>
<!-- Generated by org.testng.reporters.JUnitXMLReporter -->
<testsuite hostname="Maruf_Acer" ignored="0" name="Surefire test" tests="5" failures="0" timestamp="2019-10-08T11:21:21 IST" time="0.047" errors="0">
  <testcase name="deletetwitter" time="0.016" classname="qaclickacademy.APITest"/>
  <testcase name="IOSTest" time="0.0" classname="qaclickacademy.AppiumTest"/>
  <testcase name="androidtest" time="0.0" classname="qaclickacademy.AppiumTest"/>
  <testcase name="BrowserAutomation" time="0.0" classname="qaclickacademy.SeleniumTest"/>
  <testcase name="elementsUI" time="0.0" classname="qaclickacademy.SeleniumTest"/>
</testsuite> <!-- Surefire test -->
