<?xml version="1.0" encoding="UTF-8"?>
<!-- Generated by org.testng.reporters.JUnitXMLReporter -->
<testsuite hostname="Maruf_Acer" ignored="0" name="Test" tests="4" failures="0" timestamp="2019-10-08T11:40:28 IST" time="0.077" errors="0">
  <testcase name="deletetwitter" time="0.012" classname="qaclickacademy.APITest"/>
  <testcase name="postjira" time="0.0" classname="qaclickacademy.APITest"/>
  <testcase name="IOSTest" time="0.0" classname="qaclickacademy.AppiumTest"/>
  <testcase name="androidtest" time="0.0" classname="qaclickacademy.AppiumTest"/>
</testsuite> <!-- Test -->
